[20200805-11:53:24-829] INFO    main                 o.o.util.Environment.logSystemInfo()                   : openTCS baseline version: 4.18.0-SNAPSHOT (build date: 2020-07-21 18:19:50), customization '-' version - (build date: -), Java: 1.8.0_251, Oracle Corporation; JVM: 25.251-b08, Oracle Corporation; OS: Windows 10, amd64
[20200805-11:53:25-233] INFO    main                 o.o.c.cfg4j.Cfg4jConfigurationBindingProvider.buildSource(): Using default configuration file D:\downloads\OpenTCStest\workBin\openTCS-4.18.0-src\openTCS-Kernel\build\install\openTCS-Kernel\.\config\opentcs-kernel-defaults-baseline.properties...
[20200805-11:53:25-311] WARNING main                 o.o.c.cfg4j.Cfg4jConfigurationBindingProvider.buildSource(): Supplementary configuration file D:\downloads\OpenTCStest\workBin\openTCS-4.18.0-src\openTCS-Kernel\build\install\openTCS-Kernel\.\config\opentcs-kernel-defaults-custom.properties not found, skipped.
[20200805-11:53:25-319] INFO    main                 o.o.c.cfg4j.Cfg4jConfigurationBindingProvider.buildSource(): Using overrides from supplementary configuration file D:\downloads\OpenTCStest\workBin\openTCS-4.18.0-src\openTCS-Kernel\build\install\openTCS-Kernel\.\config\opentcs-kernel.properties...
[20200805-11:53:25-421] INFO    main                 o.o.c.cfg4j.Cfg4jConfigurationBindingProvider.reloadInterval(): Using configuration reload interval of 10000 ms.
[20200805-11:53:25-434] INFO    main                 o.c.provider.ConfigurationProviderBuilder.build()      : Initializing ConfigurationProvider with org.opentcs.configuration.cfg4j.CachedConfigurationSource source, org.opentcs.configuration.cfg4j.PeriodicalReloadStrategy reload strategy and org.cfg4j.source.context.environment.DefaultEnvironment environment
[20200805-11:53:25-521] INFO    main                 o.o.kernel.RunKernel.findRegisteredModules()           : Integrating injection module org.opentcs.virtualvehicle.LoopbackCommAdapterModule
[20200805-11:53:25-533] INFO    main                 o.o.kernel.RunKernel.findRegisteredModules()           : Integrating injection module org.opentcs.kernel.extensions.adminwebapi.AdminWebApiModule
[20200805-11:53:25-538] INFO    main                 o.o.kernel.RunKernel.findRegisteredModules()           : Integrating injection module org.opentcs.kernel.extensions.servicewebapi.ServiceWebApiModule
[20200805-11:53:25-546] INFO    main                 o.o.kernel.RunKernel.findRegisteredModules()           : Integrating injection module org.opentcs.kernel.extensions.rmi.RmiServicesModule
[20200805-11:53:25-557] INFO    main                 o.o.kernel.RunKernel.findRegisteredModules()           : Integrating injection module org.opentcs.kernel.extensions.statistics.StatisticsModule
[20200805-11:53:25-592] INFO    main                 o.o.kernel.RunKernel.findRegisteredModules()           : Integrating injection module org.opentcs.kernel.extensions.xmlhost.TcpHostInterfaceModule
[20200805-11:53:25-611] INFO    main                 o.o.kernel.RunKernel.findRegisteredModules()           : Integrating injection module org.opentcs.kernel.extensions.controlcenter.ControlCenterModule
[20200805-11:53:28-110] WARNING main                 o.o.k.e.rmi.RmiServicesModule.configure()              : SSL encryption disabled, connections will not be secured!
[20200805-11:53:28-215] INFO    main                 o.o.k.e.controlcenter.ControlCenterModule.configure()  : Control center disabled by configuration.
[20200805-11:53:31-675] INFO    main                 o.o.k.vehicles.VehicleCommAdapterRegistry.<init>()     : Setting up communication adapter factory: org.opentcs.virtualvehicle.LoopbackCommunicationAdapterFactory
[20200805-11:53:32-436] INFO    main                 o.o.k.e.rmi.XMLFileUserAccountPersister.loadUserAccounts(): Account data file does not exist, no user accounts available.
[20200805-11:53:32-781] INFO    main                 o.o.kernel.StandardKernel.setState()                   : Switching kernel to state 'MODELLING'
[20200805-11:53:32-901] INFO    Thread-1             o.e.j.u.log.Log.initialized()                          : Logging initialized @8628ms to org.eclipse.jetty.util.log.Slf4jLog
[20200805-11:53:33-273] INFO    Thread-1             s.e.jetty.EmbeddedJettyServer.ignite()                 : == Spark has ignited ...
[20200805-11:53:33-274] INFO    Thread-1             s.e.jetty.EmbeddedJettyServer.ignite()                 : >> Listening on 127.0.0.1:55100
[20200805-11:53:33-318] INFO    Thread-1             o.e.j.server.Server.doStart()                          : jetty-9.4.18.v20190429; built: 2019-04-29T20:42:08.989Z; git: e1bc35120a6617ee3df052294e433f3a25ce7097; jvm 1.8.0_251-b08
[20200805-11:53:33-376] INFO    main                 o.o.kernel.KernelStarter.startKernel()                 : Loaded model named 'unnamed'.
[20200805-11:53:33-378] INFO    main                 o.o.kernel.StandardKernel.setState()                   : Switching kernel to state 'OPERATING'
[20200805-11:53:33-399] WARNING main                 o.o.k.e.servicewebapi.ServiceWebApi.initialize()       : Encryption disabled, connections will not be secured!
[20200805-11:53:33-437] INFO    Thread-10            s.e.jetty.EmbeddedJettyServer.ignite()                 : == Spark has ignited ...
[20200805-11:53:33-438] INFO    Thread-10            s.e.jetty.EmbeddedJettyServer.ignite()                 : >> Listening on 0.0.0.0:55200
[20200805-11:53:33-440] INFO    Thread-10            o.e.j.server.Server.doStart()                          : jetty-9.4.18.v20190429; built: 2019-04-29T20:42:08.989Z; git: e1bc35120a6617ee3df052294e433f3a25ce7097; jvm 1.8.0_251-b08
[20200805-11:53:33-454] INFO    Thread-10            o.e.j.s.session.DefaultSessionIdManager.doStart()      : DefaultSessionIdManager workerName=node0
[20200805-11:53:33-456] INFO    main                 o.o.k.e.statistics.StatisticsCollector.initialize()    : Logging events to D:\downloads\OpenTCStest\workBin\openTCS-4.18.0-src\openTCS-Kernel\build\install\openTCS-Kernel\.\log\statistics\opentcs-statistics-20200805-115333.txt...
[20200805-11:53:33-454] INFO    Thread-1             o.e.j.s.session.DefaultSessionIdManager.doStart()      : DefaultSessionIdManager workerName=node0
[20200805-11:53:33-456] INFO    Thread-10            o.e.j.s.session.DefaultSessionIdManager.doStart()      : No SessionScavenger set, using defaults
[20200805-11:53:33-469] INFO    Thread-1             o.e.j.s.session.DefaultSessionIdManager.doStart()      : No SessionScavenger set, using defaults
[20200805-11:53:33-481] INFO    Thread-10            o.e.j.s.session.HouseKeeper.startScavenging()          : node0 Scavenging every 600000ms
[20200805-11:53:33-481] INFO    Thread-1             o.e.j.s.session.HouseKeeper.startScavenging()          : node0 Scavenging every 600000ms
[20200805-11:53:33-564] INFO    Thread-10            o.e.j.server.AbstractConnector.doStart()               : Started ServerConnector@54aefd{HTTP/1.1,[http/1.1]}{0.0.0.0:55200}
[20200805-11:53:33-565] INFO    Thread-1             o.e.j.server.AbstractConnector.doStart()               : Started ServerConnector@2d371ca1{HTTP/1.1,[http/1.1]}{127.0.0.1:55100}
[20200805-11:53:33-566] INFO    Thread-10            o.e.j.server.Server.doStart()                          : Started @9293ms
[20200805-11:53:33-566] INFO    Thread-1             o.e.j.server.Server.doStart()                          : Started @9293ms
[20200805-11:53:57-819] INFO    Thread-19            s.e.jetty.EmbeddedJettyServer.extinguish()             : >>> Spark shutting down ...
[20200805-11:53:57-821] INFO    kernelExecutor       o.o.k.e.x.orders.XMLTelegramOrderReceiver.terminate()  : Terminating connection listener...
[20200805-11:53:57-822] INFO    xmlOrderConnListener o.o.k.e.x.orders.XMLTelegramOrderReceiver$ConnectionListener.run(): Received termination signal.
[20200805-11:53:57-823] INFO    xmlOrderConnListener o.o.k.e.x.orders.XMLTelegramOrderReceiver$ConnectionListener.run(): Terminated connection listener.
[20200805-11:53:57-824] INFO    kernelExecutor       o.o.k.e.x.orders.XMLTelegramOrderReceiver.terminate()  : Connection listener thread has terminated.
[20200805-11:53:57-844] INFO    Thread-19            o.e.j.server.AbstractConnector.doStop()                : Stopped ServerConnector@54aefd{HTTP/1.1,[http/1.1]}{0.0.0.0:55200}
[20200805-11:53:57-846] INFO    Thread-19            o.e.j.s.session.HouseKeeper.stopScavenging()           : node0 Stopped scavenging
[20200805-11:53:57-849] INFO    Thread-19            s.e.jetty.EmbeddedJettyServer.extinguish()             : done
[20200805-11:53:58-329] INFO    kernelExecutor       o.o.kernel.StandardKernel.setState()                   : Switching kernel to state 'MODELLING'
[20200805-11:53:58-677] INFO    kernelExecutor       o.o.kernel.StandardKernel.setState()                   : Switching kernel to state 'OPERATING'
[20200805-11:53:59-430] WARNING kernelExecutor       o.o.k.e.servicewebapi.ServiceWebApi.initialize()       : Encryption disabled, connections will not be secured!
[20200805-11:53:59-435] INFO    kernelExecutor       o.o.k.e.statistics.StatisticsCollector.initialize()    : Logging events to D:\downloads\OpenTCStest\workBin\openTCS-4.18.0-src\openTCS-Kernel\build\install\openTCS-Kernel\.\log\statistics\opentcs-statistics-20200805-115359.txt...
[20200805-11:53:59-437] INFO    Thread-21            s.e.jetty.EmbeddedJettyServer.ignite()                 : == Spark has ignited ...
[20200805-11:53:59-438] INFO    Thread-21            s.e.jetty.EmbeddedJettyServer.ignite()                 : >> Listening on 0.0.0.0:55200
[20200805-11:53:59-440] INFO    Thread-21            o.e.j.server.Server.doStart()                          : jetty-9.4.18.v20190429; built: 2019-04-29T20:42:08.989Z; git: e1bc35120a6617ee3df052294e433f3a25ce7097; jvm 1.8.0_251-b08
[20200805-11:53:59-444] INFO    Thread-21            o.e.j.s.session.DefaultSessionIdManager.doStart()      : DefaultSessionIdManager workerName=node0
[20200805-11:53:59-446] INFO    Thread-21            o.e.j.s.session.DefaultSessionIdManager.doStart()      : No SessionScavenger set, using defaults
[20200805-11:53:59-447] INFO    Thread-21            o.e.j.s.session.HouseKeeper.startScavenging()          : node0 Scavenging every 600000ms
[20200805-11:53:59-483] INFO    Thread-21            o.e.j.server.AbstractConnector.doStart()               : Started ServerConnector@715c241{HTTP/1.1,[http/1.1]}{0.0.0.0:55200}
[20200805-11:53:59-484] INFO    Thread-21            o.e.j.server.Server.doStart()                          : Started @35211ms
[20200805-11:54:07-640] INFO    kernelExecutor       o.o.s.b.dispatching.TransportOrderUtil.updateTransportOrderState(): Updating state of transport order Move-01EEYC2F6W9PYYZ9TXGVXKBSSS to ACTIVE...
[20200805-11:54:07-656] INFO    kernelExecutor       o.o.s.b.dispatching.TransportOrderUtil.updateTransportOrderState(): Updating state of transport order Move-01EEYC2F6W9PYYZ9TXGVXKBSSS to DISPATCHABLE...
[20200805-11:54:07-701] INFO    kernelExecutor       o.o.s.b.dispatching.TransportOrderUtil.updateTransportOrderState(): Updating state of transport order Move-01EEYC2F6W9PYYZ9TXGVXKBSSS to BEING_PROCESSED...
[20200805-11:54:10-886] INFO    kernelExecutor       o.o.s.b.dispatching.TransportOrderUtil.updateTransportOrderState(): Updating state of transport order Move-01EEYC2F6W9PYYZ9TXGVXKBSSS to FINISHED...
[20200805-11:54:43-838] INFO    kernelExecutor       o.o.s.b.dispatching.TransportOrderUtil.updateTransportOrderState(): Updating state of transport order Move-01EEYC3JQSQF77DP2MXYGPHSKX to ACTIVE...
[20200805-11:54:43-841] INFO    kernelExecutor       o.o.s.b.dispatching.TransportOrderUtil.updateTransportOrderState(): Updating state of transport order Move-01EEYC3JQSQF77DP2MXYGPHSKX to DISPATCHABLE...
[20200805-11:54:43-846] INFO    kernelExecutor       o.o.s.b.dispatching.TransportOrderUtil.updateTransportOrderState(): Updating state of transport order Move-01EEYC3JQSQF77DP2MXYGPHSKX to BEING_PROCESSED...
[20200805-11:54:44-834] INFO    kernelExecutor       o.o.s.b.dispatching.TransportOrderUtil.updateTransportOrderState(): Updating state of transport order Move-01EEYC3JQSQF77DP2MXYGPHSKX to FINISHED...
[20200805-15:18:39-618] INFO    Thread-32            s.e.jetty.EmbeddedJettyServer.extinguish()             : >>> Spark shutting down ...
[20200805-15:18:39-618] INFO    kernelExecutor       o.o.k.e.x.orders.XMLTelegramOrderReceiver.terminate()  : Terminating connection listener...
[20200805-15:18:39-728] INFO    xmlOrderConnListener o.o.k.e.x.orders.XMLTelegramOrderReceiver$ConnectionListener.run(): Received termination signal.
[20200805-15:18:39-728] INFO    xmlOrderConnListener o.o.k.e.x.orders.XMLTelegramOrderReceiver$ConnectionListener.run(): Terminated connection listener.
[20200805-15:18:39-728] INFO    kernelExecutor       o.o.k.e.x.orders.XMLTelegramOrderReceiver.terminate()  : Connection listener thread has terminated.
[20200805-15:18:39-728] INFO    Thread-32            o.e.j.server.AbstractConnector.doStop()                : Stopped ServerConnector@715c241{HTTP/1.1,[http/1.1]}{0.0.0.0:55200}
[20200805-15:18:39-728] INFO    Thread-32            o.e.j.s.session.HouseKeeper.stopScavenging()           : node0 Stopped scavenging
[20200805-15:18:39-743] INFO    Thread-32            s.e.jetty.EmbeddedJettyServer.extinguish()             : done
[20200805-15:18:40-233] INFO    kernelExecutor       o.o.kernel.StandardKernel.setState()                   : Switching kernel to state 'MODELLING'
[20200805-15:18:40-483] INFO    kernelExecutor       o.o.kernel.StandardKernel.setState()                   : Switching kernel to state 'OPERATING'
[20200805-15:18:40-670] WARNING kernelExecutor       o.o.k.e.servicewebapi.ServiceWebApi.initialize()       : Encryption disabled, connections will not be secured!
[20200805-15:18:40-670] INFO    Thread-33            s.e.jetty.EmbeddedJettyServer.ignite()                 : == Spark has ignited ...
[20200805-15:18:40-670] INFO    kernelExecutor       o.o.k.e.statistics.StatisticsCollector.initialize()    : Logging events to D:\downloads\OpenTCStest\workBin\openTCS-4.18.0-src\openTCS-Kernel\build\install\openTCS-Kernel\.\log\statistics\opentcs-statistics-20200805-151840.txt...
[20200805-15:18:40-701] INFO    Thread-33            s.e.jetty.EmbeddedJettyServer.ignite()                 : >> Listening on 0.0.0.0:55200
[20200805-15:18:40-701] INFO    Thread-33            o.e.j.server.Server.doStart()                          : jetty-9.4.18.v20190429; built: 2019-04-29T20:42:08.989Z; git: e1bc35120a6617ee3df052294e433f3a25ce7097; jvm 1.8.0_251-b08
[20200805-15:18:40-701] INFO    Thread-33            o.e.j.s.session.DefaultSessionIdManager.doStart()      : DefaultSessionIdManager workerName=node0
[20200805-15:18:40-701] INFO    Thread-33            o.e.j.s.session.DefaultSessionIdManager.doStart()      : No SessionScavenger set, using defaults
[20200805-15:18:40-701] INFO    Thread-33            o.e.j.s.session.HouseKeeper.startScavenging()          : node0 Scavenging every 600000ms
[20200805-15:18:40-717] INFO    Thread-33            o.e.j.server.AbstractConnector.doStart()               : Started ServerConnector@d489a42{HTTP/1.1,[http/1.1]}{0.0.0.0:55200}
[20200805-15:18:40-717] INFO    Thread-33            o.e.j.server.Server.doStart()                          : Started @12316465ms
[20200805-15:19:08-721] INFO    kernelExecutor       o.o.s.b.dispatching.TransportOrderUtil.updateTransportOrderState(): Updating state of transport order Order3-BIN0008[Location-0013:0] to ACTIVE...
[20200805-15:19:08-721] INFO    kernelExecutor       o.o.s.b.dispatching.TransportOrderUtil.updateTransportOrderState(): Updating state of transport order Order3-BIN0008[Location-0013:0] to DISPATCHABLE...
[20200805-15:19:08-721] INFO    kernelExecutor       o.o.s.b.dispatching.TransportOrderUtil.updateTransportOrderState(): Updating state of transport order Order3-BIN0008[Location-0013:0] to BEING_PROCESSED...
[20200805-15:19:08-767] INFO    kernelExecutor       o.o.s.b.dispatching.TransportOrderUtil.updateTransportOrderState(): Updating state of transport order Order3-BIN0009[Location-0014:0] to ACTIVE...
[20200805-15:19:08-767] INFO    kernelExecutor       o.o.s.b.dispatching.TransportOrderUtil.updateTransportOrderState(): Updating state of transport order Order3-BIN0009[Location-0014:0] to DISPATCHABLE...
[20200805-15:19:08-767] INFO    kernelExecutor       o.o.s.b.dispatching.TransportOrderUtil.updateTransportOrderState(): Updating state of transport order Order3-BIN0009[Location-0014:0] to BEING_PROCESSED...
[20200805-15:19:11-171] INFO    kernelExecutor       o.o.s.b.dispatching.TransportOrderUtil.updateTransportOrderState(): Updating state of transport order Order3-BIN0008[Location-0013:0] to FINISHED...
[20200805-15:19:11-515] INFO    kernelExecutor       o.o.s.b.dispatching.TransportOrderUtil.updateTransportOrderState(): Updating state of transport order Order3-BIN0017[Location-0016:0] to ACTIVE...
[20200805-15:19:11-515] INFO    kernelExecutor       o.o.s.b.dispatching.TransportOrderUtil.updateTransportOrderState(): Updating state of transport order Order3-BIN0017[Location-0016:0] to DISPATCHABLE...
[20200805-15:19:11-531] INFO    kernelExecutor       o.o.s.b.dispatching.TransportOrderUtil.updateTransportOrderState(): Updating state of transport order Order3-BIN0017[Location-0016:0] to BEING_PROCESSED...
[20200805-15:19:17-062] INFO    kernelExecutor       o.o.s.b.dispatching.TransportOrderUtil.updateTransportOrderState(): Updating state of transport order Order3-BIN0009[Location-0014:0] to FINISHED...
[20200805-15:19:17-515] INFO    kernelExecutor       o.o.s.b.dispatching.TransportOrderUtil.updateTransportOrderState(): Updating state of transport order Order3-BIN0006[Location-0004:0] to ACTIVE...
[20200805-15:19:17-515] INFO    kernelExecutor       o.o.s.b.dispatching.TransportOrderUtil.updateTransportOrderState(): Updating state of transport order Order3-BIN0006[Location-0004:0] to DISPATCHABLE...
[20200805-15:19:17-515] INFO    kernelExecutor       o.o.s.b.dispatching.TransportOrderUtil.updateTransportOrderState(): Updating state of transport order Order3-BIN0006[Location-0004:0] to BEING_PROCESSED...
[20200805-15:19:18-145] INFO    kernelExecutor       o.o.s.b.dispatching.TransportOrderUtil.updateTransportOrderState(): Updating state of transport order Order3-BIN0017[Location-0016:0] to FINISHED...
[20200805-15:19:18-520] INFO    kernelExecutor       o.o.s.b.dispatching.TransportOrderUtil.updateTransportOrderState(): Updating state of transport order Order3-BIN0004[Location-0002:0] to ACTIVE...
[20200805-15:19:18-520] INFO    kernelExecutor       o.o.s.b.dispatching.TransportOrderUtil.updateTransportOrderState(): Updating state of transport order Order3-BIN0004[Location-0002:0] to DISPATCHABLE...
[20200805-15:19:18-520] INFO    kernelExecutor       o.o.s.b.dispatching.TransportOrderUtil.updateTransportOrderState(): Updating state of transport order Order3-BIN0004[Location-0002:0] to BEING_PROCESSED...
[20200805-15:19:18-923] INFO    kernelExecutor       o.o.s.b.dispatching.TransportOrderUtil.updateTransportOrderState(): Updating state of transport order Order3-BIN0006[Location-0004:0] to FINISHED...
[20200805-15:19:23-150] INFO    kernelExecutor       o.o.s.b.dispatching.TransportOrderUtil.updateTransportOrderState(): Updating state of transport order Order3-BIN0004[Location-0002:0] to FINISHED...
