[20200828-19:59:29-652] INFO    main                 o.o.util.Environment.logSystemInfo()                   : openTCS baseline version: 4.18.0-SNAPSHOT (build date: 2020-08-28 15:14:37), customization '-' version - (build date: -), Java: 1.8.0_251, Oracle Corporation; JVM: 25.251-b08, Oracle Corporation; OS: Windows 10, amd64
[20200828-19:59:30-127] INFO    main                 o.o.c.cfg4j.Cfg4jConfigurationBindingProvider.buildSource(): Using default configuration file D:\downloads\Git_repository\openTCS-Kernel\build\install\openTCS-Kernel\.\config\opentcs-kernel-defaults-baseline.properties...
[20200828-19:59:30-210] WARNING main                 o.o.c.cfg4j.Cfg4jConfigurationBindingProvider.buildSource(): Supplementary configuration file D:\downloads\Git_repository\openTCS-Kernel\build\install\openTCS-Kernel\.\config\opentcs-kernel-defaults-custom.properties not found, skipped.
[20200828-19:59:30-213] INFO    main                 o.o.c.cfg4j.Cfg4jConfigurationBindingProvider.buildSource(): Using overrides from supplementary configuration file D:\downloads\Git_repository\openTCS-Kernel\build\install\openTCS-Kernel\.\config\opentcs-kernel.properties...
[20200828-19:59:30-247] INFO    main                 o.o.c.cfg4j.Cfg4jConfigurationBindingProvider.reloadInterval(): Using configuration reload interval of 10000 ms.
[20200828-19:59:30-255] INFO    main                 o.c.provider.ConfigurationProviderBuilder.build()      : Initializing ConfigurationProvider with org.opentcs.configuration.cfg4j.CachedConfigurationSource source, org.opentcs.configuration.cfg4j.PeriodicalReloadStrategy reload strategy and org.cfg4j.source.context.environment.DefaultEnvironment environment
[20200828-19:59:30-347] INFO    main                 o.o.kernel.RunKernel.findRegisteredModules()           : Integrating injection module org.opentcs.virtualvehicle.LoopbackCommAdapterModule
[20200828-19:59:30-354] INFO    main                 o.o.kernel.RunKernel.findRegisteredModules()           : Integrating injection module org.opentcs.kernel.extensions.adminwebapi.AdminWebApiModule
[20200828-19:59:30-359] INFO    main                 o.o.kernel.RunKernel.findRegisteredModules()           : Integrating injection module org.opentcs.kernel.extensions.servicewebapi.ServiceWebApiModule
[20200828-19:59:30-367] INFO    main                 o.o.kernel.RunKernel.findRegisteredModules()           : Integrating injection module org.opentcs.kernel.extensions.rmi.RmiServicesModule
[20200828-19:59:30-373] INFO    main                 o.o.kernel.RunKernel.findRegisteredModules()           : Integrating injection module org.opentcs.kernel.extensions.statistics.StatisticsModule
[20200828-19:59:30-381] INFO    main                 o.o.kernel.RunKernel.findRegisteredModules()           : Integrating injection module org.opentcs.kernel.extensions.xmlhost.TcpHostInterfaceModule
[20200828-19:59:30-392] INFO    main                 o.o.kernel.RunKernel.findRegisteredModules()           : Integrating injection module org.opentcs.kernel.extensions.controlcenter.ControlCenterModule
[20200828-19:59:32-513] WARNING main                 o.o.k.e.rmi.RmiServicesModule.configure()              : SSL encryption disabled, connections will not be secured!
[20200828-19:59:32-615] INFO    main                 o.o.k.e.controlcenter.ControlCenterModule.configure()  : Control center disabled by configuration.
[20200828-19:59:34-760] INFO    main                 o.o.k.vehicles.VehicleCommAdapterRegistry.<init>()     : Setting up communication adapter factory: org.opentcs.virtualvehicle.LoopbackCommunicationAdapterFactory
[20200828-19:59:36-743] INFO    main                 o.o.k.e.rmi.XMLFileUserAccountPersister.loadUserAccounts(): Account data file does not exist, no user accounts available.
[20200828-19:59:37-304] INFO    main                 o.o.kernel.StandardKernel.setState()                   : Switching kernel to state 'MODELLING'
[20200828-19:59:37-430] INFO    Thread-1             o.e.j.u.log.Log.initialized()                          : Logging initialized @15698ms to org.eclipse.jetty.util.log.Slf4jLog
[20200828-19:59:37-836] INFO    Thread-1             s.e.jetty.EmbeddedJettyServer.ignite()                 : == Spark has ignited ...
[20200828-19:59:37-839] INFO    Thread-1             s.e.jetty.EmbeddedJettyServer.ignite()                 : >> Listening on 127.0.0.1:55100
[20200828-19:59:37-861] INFO    Thread-1             o.e.j.server.Server.doStart()                          : jetty-9.4.18.v20190429; built: 2019-04-29T20:42:08.989Z; git: e1bc35120a6617ee3df052294e433f3a25ce7097; jvm 1.8.0_251-b08
[20200828-19:59:38-038] INFO    Thread-1             o.e.j.s.session.DefaultSessionIdManager.doStart()      : DefaultSessionIdManager workerName=node0
[20200828-19:59:38-040] INFO    Thread-1             o.e.j.s.session.DefaultSessionIdManager.doStart()      : No SessionScavenger set, using defaults
[20200828-19:59:38-052] INFO    Thread-1             o.e.j.s.session.HouseKeeper.startScavenging()          : node0 Scavenging every 660000ms
[20200828-19:59:38-075] INFO    main                 o.o.kernel.KernelStarter.startKernel()                 : Loaded model named 'unnamed'.
[20200828-19:59:38-082] INFO    main                 o.o.kernel.StandardKernel.setState()                   : Switching kernel to state 'OPERATING'
[20200828-19:59:38-112] WARNING main                 o.o.k.e.servicewebapi.ServiceWebApi.initialize()       : Encryption disabled, connections will not be secured!
[20200828-19:59:38-145] INFO    Thread-10            s.e.jetty.EmbeddedJettyServer.ignite()                 : == Spark has ignited ...
[20200828-19:59:38-147] INFO    Thread-10            s.e.jetty.EmbeddedJettyServer.ignite()                 : >> Listening on 0.0.0.0:55200
[20200828-19:59:38-148] INFO    Thread-10            o.e.j.server.Server.doStart()                          : jetty-9.4.18.v20190429; built: 2019-04-29T20:42:08.989Z; git: e1bc35120a6617ee3df052294e433f3a25ce7097; jvm 1.8.0_251-b08
[20200828-19:59:38-151] INFO    Thread-10            o.e.j.s.session.DefaultSessionIdManager.doStart()      : DefaultSessionIdManager workerName=node0
[20200828-19:59:38-153] INFO    Thread-10            o.e.j.s.session.DefaultSessionIdManager.doStart()      : No SessionScavenger set, using defaults
[20200828-19:59:38-155] INFO    Thread-10            o.e.j.s.session.HouseKeeper.startScavenging()          : node0 Scavenging every 660000ms
[20200828-19:59:38-188] INFO    main                 o.o.k.e.statistics.StatisticsCollector.initialize()    : Logging events to D:\downloads\Git_repository\openTCS-Kernel\build\install\openTCS-Kernel\.\log\statistics\opentcs-statistics-20200828-195938.txt...
[20200828-19:59:38-251] INFO    Thread-1             o.e.j.server.AbstractConnector.doStart()               : Started ServerConnector@25382c49{HTTP/1.1,[http/1.1]}{127.0.0.1:55100}
[20200828-19:59:38-252] INFO    Thread-10            o.e.j.server.AbstractConnector.doStart()               : Started ServerConnector@3e6e8ac2{HTTP/1.1,[http/1.1]}{0.0.0.0:55200}
[20200828-19:59:38-253] INFO    Thread-1             o.e.j.server.Server.doStart()                          : Started @16522ms
[20200828-19:59:38-253] INFO    Thread-10            o.e.j.server.Server.doStart()                          : Started @16523ms
