[20200806-11:00:02-102] INFO    main                 o.o.util.Environment.logSystemInfo()                   : openTCS baseline version: 4.18.0-SNAPSHOT (build date: 2020-08-06 10:58:11), customization '-' version - (build date: -), Java: 1.8.0_251, Oracle Corporation; JVM: 25.251-b08, Oracle Corporation; OS: Windows 10, amd64
[20200806-11:00:02-352] INFO    main                 o.o.c.cfg4j.Cfg4jConfigurationBindingProvider.buildSource(): Using default configuration file D:\downloads\Git_repository\openTCS-PlantOverview\build\install\openTCS-PlantOverview\.\config\opentcs-plantoverview-defaults-baseline.properties...
[20200806-11:00:02-399] WARNING main                 o.o.c.cfg4j.Cfg4jConfigurationBindingProvider.buildSource(): Supplementary configuration file D:\downloads\Git_repository\openTCS-PlantOverview\build\install\openTCS-PlantOverview\.\config\opentcs-plantoverview-defaults-custom.properties not found, skipped.
[20200806-11:00:02-399] INFO    main                 o.o.c.cfg4j.Cfg4jConfigurationBindingProvider.buildSource(): Using overrides from supplementary configuration file D:\downloads\Git_repository\openTCS-PlantOverview\build\install\openTCS-PlantOverview\.\config\opentcs-plantoverview.properties...
[20200806-11:00:02-415] INFO    main                 o.o.c.cfg4j.Cfg4jConfigurationBindingProvider.reloadInterval(): Using configuration reload interval of 10000 ms.
[20200806-11:00:02-430] INFO    main                 o.c.provider.ConfigurationProviderBuilder.build()      : Initializing ConfigurationProvider with org.opentcs.configuration.cfg4j.CachedConfigurationSource source, org.opentcs.configuration.cfg4j.PeriodicalReloadStrategy reload strategy and org.cfg4j.source.context.environment.DefaultEnvironment environment
[20200806-11:00:02-493] INFO    main                 o.o.guing.RunPlantOverview.findRegisteredModules()     : Integrating injection module org.opentcs.guing.plugins.panels.loadgenerator.LoadGeneratorPanelModule
[20200806-11:00:02-508] INFO    main                 o.o.guing.RunPlantOverview.findRegisteredModules()     : Integrating injection module org.opentcs.guing.plugins.panels.allocation.AllocationPanelModule
[20200806-11:00:02-508] INFO    main                 o.o.guing.RunPlantOverview.findRegisteredModules()     : Integrating injection module org.opentcs.guing.plugins.panels.statistics.StatisticsPanelModule
[20200806-11:00:02-524] INFO    main                 o.o.guing.RunPlantOverview.findRegisteredModules()     : Integrating injection module org.opentcs.guing.DefaultImportersExportersModule
[20200806-11:00:02-524] INFO    main                 o.o.guing.RunPlantOverview.findRegisteredModules()     : Integrating injection module org.opentcs.guing.PropertySuggestionsModule
[20200806-11:00:02-524] INFO    main                 o.o.guing.RunPlantOverview.findRegisteredModules()     : Integrating injection module org.opentcs.guing.transport.OrderTypeSuggestionsModule
[20200806-11:00:04-166] WARNING main                 o.o.guing.DefaultPlantOverviewInjectionModule.configureSocketConnections(): SSL encryption disabled, connections will not be secured!
[20200806-11:00:30-853] INFO    main                 o.o.g.util.PanelRegistry.<init>()                      : Setting up plugin panel factory: org.opentcs.guing.plugins.panels.loadgenerator.ContinuousLoadPanelFactory
[20200806-11:00:30-853] INFO    main                 o.o.g.util.PanelRegistry.<init>()                      : Setting up plugin panel factory: org.opentcs.guing.plugins.panels.allocation.ResourceAllocationPanelFactory
[20200806-11:00:30-853] INFO    main                 o.o.g.util.PanelRegistry.<init>()                      : Setting up plugin panel factory: org.opentcs.guing.plugins.panels.statistics.StatisticsPanelFactory
[20200806-11:00:31-231] INFO    main                 o.o.g.exchange.KernelEventFetcher.initialize()         : Initializing...
[20200806-11:01:33-107] INFO    AWT-EventQueue-0     o.o.g.application.StatusPanel.setLogMessage()          : Model "Test5" successfully persisted.
[20200806-11:01:38-130] INFO    AWT-EventQueue-0     o.o.g.application.StatusPanel.setLogMessage()          : Model "Test5" successfully loaded from kernel.
[20200806-11:42:31-984] INFO    AWT-EventQueue-0     o.o.g.application.StatusPanel.setLogMessage()          : Model "Test5" successfully persisted.
[20200806-11:42:36-732] INFO    AWT-EventQueue-0     o.o.g.application.StatusPanel.setLogMessage()          : Model "Test5" successfully loaded from kernel.
[20200806-13:51:31-929] SEVERE  KernelEventFetcher   o.o.g.exchange.KernelEventFetcher$EventFetcherTask.runActualTask(): Exception fetching events, logging out
org.opentcs.components.kernel.services.ServiceUnavailableException: Remote service unreachable
	at org.opentcs.access.rmi.services.AbstractRemoteServiceProxy.findSuitableExceptionFor(AbstractRemoteServiceProxy.java:145)
	at org.opentcs.access.rmi.services.RemoteKernelServicePortalProxy.fetchEvents(RemoteKernelServicePortalProxy.java:206)
	at org.opentcs.guing.exchange.KernelEventFetcher$EventFetcherTask.runActualTask(KernelEventFetcher.java:188)
	at org.opentcs.util.CyclicTask.run(CyclicTask.java:154)
	at java.lang.Thread.run(Thread.java:748)
Caused by: java.rmi.UnmarshalException: Error unmarshaling return header; nested exception is: 
	java.net.SocketException: Connection reset
	at sun.rmi.transport.StreamRemoteCall.executeCall(StreamRemoteCall.java:254)
	at sun.rmi.server.UnicastRef.invoke(UnicastRef.java:163)
	at java.rmi.server.RemoteObjectInvocationHandler.invokeRemoteMethod(RemoteObjectInvocationHandler.java:235)
	at java.rmi.server.RemoteObjectInvocationHandler.invoke(RemoteObjectInvocationHandler.java:180)
	at com.sun.proxy.$Proxy52.fetchEvents(Unknown Source)
	at org.opentcs.access.rmi.services.RemoteKernelServicePortalProxy.fetchEvents(RemoteKernelServicePortalProxy.java:203)
	... 3 more
Caused by: java.net.SocketException: Connection reset
	at java.net.SocketInputStream.read(SocketInputStream.java:210)
	at java.net.SocketInputStream.read(SocketInputStream.java:141)
	at java.io.BufferedInputStream.fill(BufferedInputStream.java:246)
	at java.io.BufferedInputStream.read(BufferedInputStream.java:265)
	at java.io.DataInputStream.readByte(DataInputStream.java:265)
	at sun.rmi.transport.StreamRemoteCall.executeCall(StreamRemoteCall.java:240)
	... 8 more

[20200806-13:51:32-048] WARNING AWT-EventQueue-0     o.o.g.transport.TransportOrdersContainerPanel.fetchOrdersIfOnline(): Exception fetching transport orders
org.opentcs.components.kernel.services.ServiceUnavailableException: Remote service unreachable
	at org.opentcs.access.rmi.services.AbstractRemoteServiceProxy.checkServiceAvailability(AbstractRemoteServiceProxy.java:120)
	at org.opentcs.access.rmi.services.RemoteTCSObjectServiceProxy.fetchObjects(RemoteTCSObjectServiceProxy.java:60)
	at org.opentcs.guing.transport.TransportOrdersContainerPanel.fetchOrdersIfOnline(TransportOrdersContainerPanel.java:195)
	at org.opentcs.guing.transport.TransportOrdersContainerPanel.initView(TransportOrdersContainerPanel.java:145)
	at org.opentcs.guing.transport.TransportOrdersContainerPanel.onEvent(TransportOrdersContainerPanel.java:131)
	at org.opentcs.util.event.SimpleEventBus.onEvent(SimpleEventBus.java:37)
	at org.opentcs.guing.application.OpenTCSView$2.run(OpenTCSView.java:1585)
	at java.awt.event.InvocationEvent.dispatch(InvocationEvent.java:301)
	at java.awt.EventQueue.dispatchEventImpl(EventQueue.java:758)
	at java.awt.EventQueue.access$500(EventQueue.java:97)
	at java.awt.EventQueue$3.run(EventQueue.java:709)
	at java.awt.EventQueue$3.run(EventQueue.java:703)
	at java.security.AccessController.doPrivileged(Native Method)
	at java.security.ProtectionDomain$JavaSecurityAccessImpl.doIntersectionPrivilege(ProtectionDomain.java:74)
	at java.awt.EventQueue.dispatchEvent(EventQueue.java:728)
	at java.awt.EventDispatchThread.pumpOneEventForFilters(EventDispatchThread.java:205)
	at java.awt.EventDispatchThread.pumpEventsForFilter(EventDispatchThread.java:116)
	at java.awt.EventDispatchThread.pumpEventsForHierarchy(EventDispatchThread.java:105)
	at java.awt.EventDispatchThread.pumpEvents(EventDispatchThread.java:101)
	at java.awt.EventDispatchThread.pumpEvents(EventDispatchThread.java:93)
	at java.awt.EventDispatchThread.run(EventDispatchThread.java:82)

[20200806-13:51:32-048] WARNING AWT-EventQueue-0     o.o.g.transport.OrderSequencesContainerPanel.fetchSequencesIfOnline(): Exception fetching sequences from kernel
org.opentcs.components.kernel.services.ServiceUnavailableException: Remote service unreachable
	at org.opentcs.access.rmi.services.AbstractRemoteServiceProxy.checkServiceAvailability(AbstractRemoteServiceProxy.java:120)
	at org.opentcs.access.rmi.services.RemoteTCSObjectServiceProxy.fetchObjects(RemoteTCSObjectServiceProxy.java:60)
	at org.opentcs.guing.transport.OrderSequencesContainerPanel.fetchSequencesIfOnline(OrderSequencesContainerPanel.java:141)
	at org.opentcs.guing.transport.OrderSequencesContainerPanel.initView(OrderSequencesContainerPanel.java:134)
	at org.opentcs.guing.transport.OrderSequencesContainerPanel.onEvent(OrderSequencesContainerPanel.java:120)
	at org.opentcs.util.event.SimpleEventBus.onEvent(SimpleEventBus.java:37)
	at org.opentcs.guing.application.OpenTCSView$2.run(OpenTCSView.java:1585)
	at java.awt.event.InvocationEvent.dispatch(InvocationEvent.java:301)
	at java.awt.EventQueue.dispatchEventImpl(EventQueue.java:758)
	at java.awt.EventQueue.access$500(EventQueue.java:97)
	at java.awt.EventQueue$3.run(EventQueue.java:709)
	at java.awt.EventQueue$3.run(EventQueue.java:703)
	at java.security.AccessController.doPrivileged(Native Method)
	at java.security.ProtectionDomain$JavaSecurityAccessImpl.doIntersectionPrivilege(ProtectionDomain.java:74)
	at java.awt.EventQueue.dispatchEvent(EventQueue.java:728)
	at java.awt.EventDispatchThread.pumpOneEventForFilters(EventDispatchThread.java:205)
	at java.awt.EventDispatchThread.pumpEventsForFilter(EventDispatchThread.java:116)
	at java.awt.EventDispatchThread.pumpEventsForHierarchy(EventDispatchThread.java:105)
	at java.awt.EventDispatchThread.pumpEvents(EventDispatchThread.java:101)
	at java.awt.EventDispatchThread.pumpEvents(EventDispatchThread.java:93)
	at java.awt.EventDispatchThread.run(EventDispatchThread.java:82)

[20200806-13:51:32-048] WARNING KernelEventFetcher   o.o.a.r.services.RemoteKernelServicePortalProxy.logout(): Not logged in, doing nothing.
[20200806-14:04:02-270] INFO    AWT-EventQueue-0     o.o.g.application.OpenTCSView.stop()                   : GUI terminating...
[20200806-15:33:36-704] INFO    main                 o.o.util.Environment.logSystemInfo()                   : openTCS baseline version: 4.18.0-SNAPSHOT (build date: 2020-08-06 10:58:11), customization '-' version - (build date: -), Java: 1.8.0_251, Oracle Corporation; JVM: 25.251-b08, Oracle Corporation; OS: Windows 10, amd64
[20200806-15:33:36-939] INFO    main                 o.o.c.cfg4j.Cfg4jConfigurationBindingProvider.buildSource(): Using default configuration file D:\downloads\Git_repository\openTCS-PlantOverview\build\install\openTCS-PlantOverview\.\config\opentcs-plantoverview-defaults-baseline.properties...
[20200806-15:33:36-985] WARNING main                 o.o.c.cfg4j.Cfg4jConfigurationBindingProvider.buildSource(): Supplementary configuration file D:\downloads\Git_repository\openTCS-PlantOverview\build\install\openTCS-PlantOverview\.\config\opentcs-plantoverview-defaults-custom.properties not found, skipped.
[20200806-15:33:36-985] INFO    main                 o.o.c.cfg4j.Cfg4jConfigurationBindingProvider.buildSource(): Using overrides from supplementary configuration file D:\downloads\Git_repository\openTCS-PlantOverview\build\install\openTCS-PlantOverview\.\config\opentcs-plantoverview.properties...
[20200806-15:33:37-017] INFO    main                 o.o.c.cfg4j.Cfg4jConfigurationBindingProvider.reloadInterval(): Using configuration reload interval of 10000 ms.
[20200806-15:33:37-032] INFO    main                 o.c.provider.ConfigurationProviderBuilder.build()      : Initializing ConfigurationProvider with org.opentcs.configuration.cfg4j.CachedConfigurationSource source, org.opentcs.configuration.cfg4j.PeriodicalReloadStrategy reload strategy and org.cfg4j.source.context.environment.DefaultEnvironment environment
[20200806-15:33:37-095] INFO    main                 o.o.guing.RunPlantOverview.findRegisteredModules()     : Integrating injection module org.opentcs.guing.plugins.panels.loadgenerator.LoadGeneratorPanelModule
[20200806-15:33:37-095] INFO    main                 o.o.guing.RunPlantOverview.findRegisteredModules()     : Integrating injection module org.opentcs.guing.plugins.panels.allocation.AllocationPanelModule
[20200806-15:33:37-110] INFO    main                 o.o.guing.RunPlantOverview.findRegisteredModules()     : Integrating injection module org.opentcs.guing.plugins.panels.statistics.StatisticsPanelModule
[20200806-15:33:37-110] INFO    main                 o.o.guing.RunPlantOverview.findRegisteredModules()     : Integrating injection module org.opentcs.guing.DefaultImportersExportersModule
[20200806-15:33:37-126] INFO    main                 o.o.guing.RunPlantOverview.findRegisteredModules()     : Integrating injection module org.opentcs.guing.PropertySuggestionsModule
[20200806-15:33:37-126] INFO    main                 o.o.guing.RunPlantOverview.findRegisteredModules()     : Integrating injection module org.opentcs.guing.transport.OrderTypeSuggestionsModule
[20200806-15:33:38-724] WARNING main                 o.o.guing.DefaultPlantOverviewInjectionModule.configureSocketConnections(): SSL encryption disabled, connections will not be secured!
[20200806-15:34:00-221] INFO    main                 o.o.g.util.PanelRegistry.<init>()                      : Setting up plugin panel factory: org.opentcs.guing.plugins.panels.loadgenerator.ContinuousLoadPanelFactory
[20200806-15:34:00-221] INFO    main                 o.o.g.util.PanelRegistry.<init>()                      : Setting up plugin panel factory: org.opentcs.guing.plugins.panels.allocation.ResourceAllocationPanelFactory
[20200806-15:34:00-237] INFO    main                 o.o.g.util.PanelRegistry.<init>()                      : Setting up plugin panel factory: org.opentcs.guing.plugins.panels.statistics.StatisticsPanelFactory
[20200806-15:34:00-534] INFO    main                 o.o.g.exchange.KernelEventFetcher.initialize()         : Initializing...
[20200806-15:34:25-157] INFO    AWT-EventQueue-0     o.o.g.application.StatusPanel.setLogMessage()          : Model "Test5" successfully persisted.
[20200806-15:34:28-401] INFO    AWT-EventQueue-0     o.o.g.application.StatusPanel.setLogMessage()          : Model "Test5" successfully loaded from kernel.
[20200806-15:40:32-886] INFO    AWT-EventQueue-0     o.o.g.application.StatusPanel.setLogMessage()          : Model "Test5" successfully persisted.
[20200806-15:40:38-288] INFO    AWT-EventQueue-0     o.o.g.application.StatusPanel.setLogMessage()          : Model "Test5" successfully loaded from kernel.
[20200806-15:48:47-188] SEVERE  KernelEventFetcher   o.o.g.exchange.KernelEventFetcher$EventFetcherTask.runActualTask(): Exception fetching events, logging out
org.opentcs.components.kernel.services.ServiceUnavailableException: Remote service unreachable
	at org.opentcs.access.rmi.services.AbstractRemoteServiceProxy.findSuitableExceptionFor(AbstractRemoteServiceProxy.java:145)
	at org.opentcs.access.rmi.services.RemoteKernelServicePortalProxy.fetchEvents(RemoteKernelServicePortalProxy.java:206)
	at org.opentcs.guing.exchange.KernelEventFetcher$EventFetcherTask.runActualTask(KernelEventFetcher.java:188)
	at org.opentcs.util.CyclicTask.run(CyclicTask.java:154)
	at java.lang.Thread.run(Thread.java:748)
Caused by: java.rmi.UnmarshalException: Error unmarshaling return header; nested exception is: 
	java.net.SocketException: Connection reset
	at sun.rmi.transport.StreamRemoteCall.executeCall(StreamRemoteCall.java:254)
	at sun.rmi.server.UnicastRef.invoke(UnicastRef.java:163)
	at java.rmi.server.RemoteObjectInvocationHandler.invokeRemoteMethod(RemoteObjectInvocationHandler.java:235)
	at java.rmi.server.RemoteObjectInvocationHandler.invoke(RemoteObjectInvocationHandler.java:180)
	at com.sun.proxy.$Proxy52.fetchEvents(Unknown Source)
	at org.opentcs.access.rmi.services.RemoteKernelServicePortalProxy.fetchEvents(RemoteKernelServicePortalProxy.java:203)
	... 3 more
Caused by: java.net.SocketException: Connection reset
	at java.net.SocketInputStream.read(SocketInputStream.java:210)
	at java.net.SocketInputStream.read(SocketInputStream.java:141)
	at java.io.BufferedInputStream.fill(BufferedInputStream.java:246)
	at java.io.BufferedInputStream.read(BufferedInputStream.java:265)
	at java.io.DataInputStream.readByte(DataInputStream.java:265)
	at sun.rmi.transport.StreamRemoteCall.executeCall(StreamRemoteCall.java:240)
	... 8 more

[20200806-15:48:47-251] WARNING AWT-EventQueue-0     o.o.g.transport.TransportOrdersContainerPanel.fetchOrdersIfOnline(): Exception fetching transport orders
org.opentcs.components.kernel.services.ServiceUnavailableException: Remote service unreachable
	at org.opentcs.access.rmi.services.AbstractRemoteServiceProxy.checkServiceAvailability(AbstractRemoteServiceProxy.java:120)
	at org.opentcs.access.rmi.services.RemoteTCSObjectServiceProxy.fetchObjects(RemoteTCSObjectServiceProxy.java:60)
	at org.opentcs.guing.transport.TransportOrdersContainerPanel.fetchOrdersIfOnline(TransportOrdersContainerPanel.java:195)
	at org.opentcs.guing.transport.TransportOrdersContainerPanel.initView(TransportOrdersContainerPanel.java:145)
	at org.opentcs.guing.transport.TransportOrdersContainerPanel.onEvent(TransportOrdersContainerPanel.java:131)
	at org.opentcs.util.event.SimpleEventBus.onEvent(SimpleEventBus.java:37)
	at org.opentcs.guing.application.OpenTCSView$2.run(OpenTCSView.java:1585)
	at java.awt.event.InvocationEvent.dispatch(InvocationEvent.java:301)
	at java.awt.EventQueue.dispatchEventImpl(EventQueue.java:758)
	at java.awt.EventQueue.access$500(EventQueue.java:97)
	at java.awt.EventQueue$3.run(EventQueue.java:709)
	at java.awt.EventQueue$3.run(EventQueue.java:703)
	at java.security.AccessController.doPrivileged(Native Method)
	at java.security.ProtectionDomain$JavaSecurityAccessImpl.doIntersectionPrivilege(ProtectionDomain.java:74)
	at java.awt.EventQueue.dispatchEvent(EventQueue.java:728)
	at java.awt.EventDispatchThread.pumpOneEventForFilters(EventDispatchThread.java:205)
	at java.awt.EventDispatchThread.pumpEventsForFilter(EventDispatchThread.java:116)
	at java.awt.EventDispatchThread.pumpEventsForHierarchy(EventDispatchThread.java:105)
	at java.awt.EventDispatchThread.pumpEvents(EventDispatchThread.java:101)
	at java.awt.EventDispatchThread.pumpEvents(EventDispatchThread.java:93)
	at java.awt.EventDispatchThread.run(EventDispatchThread.java:82)

[20200806-15:48:47-251] WARNING AWT-EventQueue-0     o.o.g.transport.OrderSequencesContainerPanel.fetchSequencesIfOnline(): Exception fetching sequences from kernel
org.opentcs.components.kernel.services.ServiceUnavailableException: Remote service unreachable
	at org.opentcs.access.rmi.services.AbstractRemoteServiceProxy.checkServiceAvailability(AbstractRemoteServiceProxy.java:120)
	at org.opentcs.access.rmi.services.RemoteTCSObjectServiceProxy.fetchObjects(RemoteTCSObjectServiceProxy.java:60)
	at org.opentcs.guing.transport.OrderSequencesContainerPanel.fetchSequencesIfOnline(OrderSequencesContainerPanel.java:141)
	at org.opentcs.guing.transport.OrderSequencesContainerPanel.initView(OrderSequencesContainerPanel.java:134)
	at org.opentcs.guing.transport.OrderSequencesContainerPanel.onEvent(OrderSequencesContainerPanel.java:120)
	at org.opentcs.util.event.SimpleEventBus.onEvent(SimpleEventBus.java:37)
	at org.opentcs.guing.application.OpenTCSView$2.run(OpenTCSView.java:1585)
	at java.awt.event.InvocationEvent.dispatch(InvocationEvent.java:301)
	at java.awt.EventQueue.dispatchEventImpl(EventQueue.java:758)
	at java.awt.EventQueue.access$500(EventQueue.java:97)
	at java.awt.EventQueue$3.run(EventQueue.java:709)
	at java.awt.EventQueue$3.run(EventQueue.java:703)
	at java.security.AccessController.doPrivileged(Native Method)
	at java.security.ProtectionDomain$JavaSecurityAccessImpl.doIntersectionPrivilege(ProtectionDomain.java:74)
	at java.awt.EventQueue.dispatchEvent(EventQueue.java:728)
	at java.awt.EventDispatchThread.pumpOneEventForFilters(EventDispatchThread.java:205)
	at java.awt.EventDispatchThread.pumpEventsForFilter(EventDispatchThread.java:116)
	at java.awt.EventDispatchThread.pumpEventsForHierarchy(EventDispatchThread.java:105)
	at java.awt.EventDispatchThread.pumpEvents(EventDispatchThread.java:101)
	at java.awt.EventDispatchThread.pumpEvents(EventDispatchThread.java:93)
	at java.awt.EventDispatchThread.run(EventDispatchThread.java:82)

[20200806-15:48:47-407] WARNING KernelEventFetcher   o.o.a.r.services.RemoteKernelServicePortalProxy.logout(): Not logged in, doing nothing.
[20200806-15:49:23-683] INFO    AWT-EventQueue-0     o.o.g.application.StatusPanel.setLogMessage()          : Model "Test5" successfully persisted.
[20200806-15:49:26-477] INFO    AWT-EventQueue-0     o.o.g.application.StatusPanel.setLogMessage()          : Model "Test5" successfully loaded from kernel.
[20200806-15:49:35-776] INFO    AWT-EventQueue-0     o.o.g.application.StatusPanel.setLogMessage()          : Model "Test5" successfully loaded from kernel.
[20200806-15:58:06-287] SEVERE  KernelEventFetcher   o.o.g.exchange.KernelEventFetcher$EventFetcherTask.runActualTask(): Exception fetching events, logging out
org.opentcs.components.kernel.services.ServiceUnavailableException: Remote service unreachable
	at org.opentcs.access.rmi.services.AbstractRemoteServiceProxy.findSuitableExceptionFor(AbstractRemoteServiceProxy.java:145)
	at org.opentcs.access.rmi.services.RemoteKernelServicePortalProxy.fetchEvents(RemoteKernelServicePortalProxy.java:206)
	at org.opentcs.guing.exchange.KernelEventFetcher$EventFetcherTask.runActualTask(KernelEventFetcher.java:188)
	at org.opentcs.util.CyclicTask.run(CyclicTask.java:154)
	at java.lang.Thread.run(Thread.java:748)
Caused by: java.rmi.UnmarshalException: Error unmarshaling return header; nested exception is: 
	java.net.SocketException: Connection reset
	at sun.rmi.transport.StreamRemoteCall.executeCall(StreamRemoteCall.java:254)
	at sun.rmi.server.UnicastRef.invoke(UnicastRef.java:163)
	at java.rmi.server.RemoteObjectInvocationHandler.invokeRemoteMethod(RemoteObjectInvocationHandler.java:235)
	at java.rmi.server.RemoteObjectInvocationHandler.invoke(RemoteObjectInvocationHandler.java:180)
	at com.sun.proxy.$Proxy52.fetchEvents(Unknown Source)
	at org.opentcs.access.rmi.services.RemoteKernelServicePortalProxy.fetchEvents(RemoteKernelServicePortalProxy.java:203)
	... 3 more
Caused by: java.net.SocketException: Connection reset
	at java.net.SocketInputStream.read(SocketInputStream.java:210)
	at java.net.SocketInputStream.read(SocketInputStream.java:141)
	at java.io.BufferedInputStream.fill(BufferedInputStream.java:246)
	at java.io.BufferedInputStream.read(BufferedInputStream.java:265)
	at java.io.DataInputStream.readByte(DataInputStream.java:265)
	at sun.rmi.transport.StreamRemoteCall.executeCall(StreamRemoteCall.java:240)
	... 8 more

[20200806-15:58:06-334] WARNING AWT-EventQueue-0     o.o.g.transport.TransportOrdersContainerPanel.fetchOrdersIfOnline(): Exception fetching transport orders
org.opentcs.components.kernel.services.ServiceUnavailableException: Remote service unreachable
	at org.opentcs.access.rmi.services.AbstractRemoteServiceProxy.checkServiceAvailability(AbstractRemoteServiceProxy.java:120)
	at org.opentcs.access.rmi.services.RemoteTCSObjectServiceProxy.fetchObjects(RemoteTCSObjectServiceProxy.java:60)
	at org.opentcs.guing.transport.TransportOrdersContainerPanel.fetchOrdersIfOnline(TransportOrdersContainerPanel.java:195)
	at org.opentcs.guing.transport.TransportOrdersContainerPanel.initView(TransportOrdersContainerPanel.java:145)
	at org.opentcs.guing.transport.TransportOrdersContainerPanel.onEvent(TransportOrdersContainerPanel.java:131)
	at org.opentcs.util.event.SimpleEventBus.onEvent(SimpleEventBus.java:37)
	at org.opentcs.guing.application.OpenTCSView$2.run(OpenTCSView.java:1585)
	at java.awt.event.InvocationEvent.dispatch(InvocationEvent.java:301)
	at java.awt.EventQueue.dispatchEventImpl(EventQueue.java:758)
	at java.awt.EventQueue.access$500(EventQueue.java:97)
	at java.awt.EventQueue$3.run(EventQueue.java:709)
	at java.awt.EventQueue$3.run(EventQueue.java:703)
	at java.security.AccessController.doPrivileged(Native Method)
	at java.security.ProtectionDomain$JavaSecurityAccessImpl.doIntersectionPrivilege(ProtectionDomain.java:74)
	at java.awt.EventQueue.dispatchEvent(EventQueue.java:728)
	at java.awt.EventDispatchThread.pumpOneEventForFilters(EventDispatchThread.java:205)
	at java.awt.EventDispatchThread.pumpEventsForFilter(EventDispatchThread.java:116)
	at java.awt.EventDispatchThread.pumpEventsForHierarchy(EventDispatchThread.java:105)
	at java.awt.EventDispatchThread.pumpEvents(EventDispatchThread.java:101)
	at java.awt.EventDispatchThread.pumpEvents(EventDispatchThread.java:93)
	at java.awt.EventDispatchThread.run(EventDispatchThread.java:82)

[20200806-15:58:06-350] WARNING AWT-EventQueue-0     o.o.g.transport.OrderSequencesContainerPanel.fetchSequencesIfOnline(): Exception fetching sequences from kernel
org.opentcs.components.kernel.services.ServiceUnavailableException: Remote service unreachable
	at org.opentcs.access.rmi.services.AbstractRemoteServiceProxy.checkServiceAvailability(AbstractRemoteServiceProxy.java:120)
	at org.opentcs.access.rmi.services.RemoteTCSObjectServiceProxy.fetchObjects(RemoteTCSObjectServiceProxy.java:60)
	at org.opentcs.guing.transport.OrderSequencesContainerPanel.fetchSequencesIfOnline(OrderSequencesContainerPanel.java:141)
	at org.opentcs.guing.transport.OrderSequencesContainerPanel.initView(OrderSequencesContainerPanel.java:134)
	at org.opentcs.guing.transport.OrderSequencesContainerPanel.onEvent(OrderSequencesContainerPanel.java:120)
	at org.opentcs.util.event.SimpleEventBus.onEvent(SimpleEventBus.java:37)
	at org.opentcs.guing.application.OpenTCSView$2.run(OpenTCSView.java:1585)
	at java.awt.event.InvocationEvent.dispatch(InvocationEvent.java:301)
	at java.awt.EventQueue.dispatchEventImpl(EventQueue.java:758)
	at java.awt.EventQueue.access$500(EventQueue.java:97)
	at java.awt.EventQueue$3.run(EventQueue.java:709)
	at java.awt.EventQueue$3.run(EventQueue.java:703)
	at java.security.AccessController.doPrivileged(Native Method)
	at java.security.ProtectionDomain$JavaSecurityAccessImpl.doIntersectionPrivilege(ProtectionDomain.java:74)
	at java.awt.EventQueue.dispatchEvent(EventQueue.java:728)
	at java.awt.EventDispatchThread.pumpOneEventForFilters(EventDispatchThread.java:205)
	at java.awt.EventDispatchThread.pumpEventsForFilter(EventDispatchThread.java:116)
	at java.awt.EventDispatchThread.pumpEventsForHierarchy(EventDispatchThread.java:105)
	at java.awt.EventDispatchThread.pumpEvents(EventDispatchThread.java:101)
	at java.awt.EventDispatchThread.pumpEvents(EventDispatchThread.java:93)
	at java.awt.EventDispatchThread.run(EventDispatchThread.java:82)

[20200806-15:58:06-350] WARNING KernelEventFetcher   o.o.a.r.services.RemoteKernelServicePortalProxy.logout(): Not logged in, doing nothing.
[20200806-15:59:04-769] INFO    AWT-EventQueue-0     o.o.g.application.StatusPanel.setLogMessage()          : Model "Test5" successfully persisted.
[20200806-15:59:06-133] INFO    AWT-EventQueue-0     o.o.g.application.StatusPanel.setLogMessage()          : Model "Test5" successfully loaded from kernel.
[20200806-16:08:56-995] INFO    AWT-EventQueue-0     o.o.g.application.OpenTCSView.stop()                   : GUI terminating...
